#
# There is insufficient memory for the Java Runtime Environment to continue.
# Native memory allocation (mmap) failed to map 134217728 bytes for G1 virtual space
# Possible reasons:
#   The system is out of physical RAM or swap space
#   The process is running with CompressedOops enabled, and the Java Heap may be blocking the growth of the native heap
# Possible solutions:
#   Reduce memory load on the system
#   Increase physical memory or swap space
#   Check if swap backing store is full
#   Decrease Java heap size (-Xmx/-Xms)
#   Decrease number of Java threads
#   Decrease Java thread stack sizes (-Xss)
#   Set larger code cache with -XX:ReservedCodeCacheSize=
#   JVM is running with Unscaled Compressed Oops mode in which the Java heap is
#     placed in the first 4GB address space. The Java Heap base address is the
#     maximum limit for the native heap growth. Please use -XX:HeapBaseMinAddress
#     to set the Java Heap base and to place the Java Heap above 4GB virtual address.
# This output file may be truncated or incomplete.
#
#  Out of Memory Error (os_windows.cpp:3530), pid=868, tid=12684
#
# JRE version:  (18.0.1.1+2) (build )
# Java VM: Java HotSpot(TM) 64-Bit Server VM (18.0.1.1+2-6, mixed mode, sharing, tiered, compressed oops, compressed class ptrs, g1 gc, windows-amd64)
# No core dump will be written. Minidumps are not enabled by default on client versions of Windows
#

---------------  S U M M A R Y ------------

Command Line: -Dmaven.multiModuleProjectDirectory=C:\Users\AD\Desktop\demo -Dmaven.home=C:\Users\AD\.m2\wrapper\dists\apache-maven-3.8.6-bin\1ks0nkde5v1pk9vtc31i9d0lcd\apache-maven-3.8.6 -Dclassworlds.conf=C:\Users\AD\.m2\wrapper\dists\apache-maven-3.8.6-bin\1ks0nkde5v1pk9vtc31i9d0lcd\apache-maven-3.8.6\bin\m2.conf -Dmaven.ext.class.path=D:\IntelliJ IDEA Community Edition 2022.2\plugins\maven\lib\maven-event-listener.jar -javaagent:D:\IntelliJ IDEA Community Edition 2022.2\lib\idea_rt.jar=50791:D:\IntelliJ IDEA Community Edition 2022.2\bin -Dfile.encoding=UTF-8 org.codehaus.classworlds.Launcher -Didea.version=2022.2

Host: Intel(R) Core(TM) i5-6300U CPU @ 2.40GHz, 4 cores, 7G,  Windows 10 , 64 bit Build 19041 (10.0.19041.1889)
Time: Tue Nov  8 04:10:21 2022 Egypt Standard Time elapsed time: 0.059100 seconds (0d 0h 0m 0s)

---------------  T H R E A D  ---------------

Current thread (0x00000249449ef5e0):  JavaThread "Unknown thread" [_thread_in_vm, id=12684, stack(0x000000d4fa500000,0x000000d4fa600000)]

Stack: [0x000000d4fa500000,0x000000d4fa600000]
Native frames: (J=compiled Java code, j=interpreted, Vv=VM code, C=native code)
V  [jvm.dll+0x69887a]
V  [jvm.dll+0x7f38bd]
V  [jvm.dll+0x7f51ce]
V  [jvm.dll+0x7f5883]
V  [jvm.dll+0x25ca3f]
V  [jvm.dll+0x6957c9]
V  [jvm.dll+0x68a2fa]
V  [jvm.dll+0x321efb]
V  [jvm.dll+0x3298d6]
V  [jvm.dll+0x37e47e]
V  [jvm.dll+0x37e6af]
V  [jvm.dll+0x2f9c7a]
V  [jvm.dll+0x2facdd]
V  [jvm.dll+0x7c24f0]
V  [jvm.dll+0x38b801]
V  [jvm.dll+0x7a1203]
V  [jvm.dll+0x40d6bf]
V  [jvm.dll+0x40f091]
C  [jli.dll+0x526b]
C  [ucrtbase.dll+0x21bb2]
C  [KERNEL32.DLL+0x17034]
C  [ntdll.dll+0x526a1]


---------------  P R O C E S S  ---------------

Threads class SMR info:
_java_thread_list=0x00007ffc8e4ad550, length=0, elements={
}

Java Threads: ( => current thread )

Other Threads:
  0x0000024944a4e2c0 WorkerThread "GC Thread#0" [stack: 0x000000d4fa600000,0x000000d4fa700000] [id=10148]
  0x0000024944a5fe80 ConcurrentGCThread "G1 Main Marker" [stack: 0x000000d4fa700000,0x000000d4fa800000] [id=15952]
  0x0000024944a60870 WorkerThread "G1 Conc#0" [stack: 0x000000d4fa800000,0x000000d4fa900000] [id=5564]

[error occurred during error reporting (printing all threads), id 0xc0000005, EXCEPTION_ACCESS_VIOLATION (0xc0000005) at pc=0x00007ffc8dcda217]

VM state: not at safepoint (not fully initialized)

VM Mutex/Monitor currently owned by a thread:  ([mutex/lock_event])
[0x00000249449eb8b0] Heap_lock - owner thread: 0x00000249449ef5e0

Heap address: 0x0000000081c00000, size: 2020 MB, Compressed Oops mode: 32-bit

CDS archive(s) mapped at: [0x0000000000000000-0x0000000000000000-0x0000000000000000), size 0, SharedBaseAddress: 0x0000000800000000, ArchiveRelocationMode: 0.
Narrow klass base: 0x0000000000000000, Narrow klass shift: 0, Narrow klass range: 0x0

GC Precious Log:
 CardTable entry size: 512
 Card Set container configuration: InlinePtr #cards 5 size 8 Array Of Cards #cards 12 size 40 Howl #buckets 4 coarsen threshold 1843 Howl Bitmap #cards 512 size 80 coarsen threshold 460 Card regions per heap region 1 cards per card region 2048

Heap:
 garbage-first heap   total 0K, used 0K [0x0000000081c00000, 0x0000000100000000)
  region size 1024K, 0 young (0K), 0 survivors (0K)

[error occurred during error reporting (printing heap information), id 0xc0000005, EXCEPTION_ACCESS_VIOLATION (0xc0000005) at pc=0x00007ffc8e0c0cb9]

GC Heap History (0 events):
No events

Deoptimization events (0 events):
No events

Classes loaded (0 events):
No events

Classes unloaded (0 events):
No events

Classes redefined (0 events):
No events

Internal exceptions (0 events):
No events

VM Operations (0 events):
No events

Events (1 events):
Event: 0.048 Loaded shared library C:\Program Files\Java\jdk-18.0.1.1\bin\java.dll


Dynamic libraries:
0x00007ff72db90000 - 0x00007ff72dba0000 	C:\Program Files\Java\jdk-18.0.1.1\bin\java.exe
0x00007ffcf8b10000 - 0x00007ffcf8d08000 	C:\WINDOWS\SYSTEM32\ntdll.dll
0x00007ffcf7b90000 - 0x00007ffcf7c4d000 	C:\WINDOWS\System32\KERNEL32.DLL
0x00007ffcf66f0000 - 0x00007ffcf69be000 	C:\WINDOWS\System32\KERNELBASE.dll
0x00007ffcf69c0000 - 0x00007ffcf6ac0000 	C:\WINDOWS\System32\ucrtbase.dll
0x00007ffcc78f0000 - 0x00007ffcc7908000 	C:\Program Files\Java\jdk-18.0.1.1\bin\jli.dll
0x00007ffcf8a20000 - 0x00007ffcf8ace000 	C:\WINDOWS\System32\ADVAPI32.dll
0x00007ffcf85c0000 - 0x00007ffcf865e000 	C:\WINDOWS\System32\msvcrt.dll
0x00007ffcf8330000 - 0x00007ffcf83cc000 	C:\WINDOWS\System32\sechost.dll
0x00007ffcf8890000 - 0x00007ffcf89b5000 	C:\WINDOWS\System32\RPCRT4.dll
0x00007ffcb9170000 - 0x00007ffcb918a000 	C:\Program Files\Java\jdk-18.0.1.1\bin\VCRUNTIME140.dll
0x00007ffcf7940000 - 0x00007ffcf7ae0000 	C:\WINDOWS\System32\USER32.dll
0x00007ffcf6b40000 - 0x00007ffcf6b62000 	C:\WINDOWS\System32\win32u.dll
0x00007ffcf7e10000 - 0x00007ffcf7e3a000 	C:\WINDOWS\System32\GDI32.dll
0x00007ffcf65e0000 - 0x00007ffcf66eb000 	C:\WINDOWS\System32\gdi32full.dll
0x00007ffcf6230000 - 0x00007ffcf62cd000 	C:\WINDOWS\System32\msvcp_win.dll
0x00007ffcf0820000 - 0x00007ffcf082a000 	C:\WINDOWS\SYSTEM32\VERSION.dll
0x00007ffce3290000 - 0x00007ffce352a000 	C:\WINDOWS\WinSxS\amd64_microsoft.windows.common-controls_6595b64144ccf1df_6.0.19041.1110_none_60b5254171f9507e\COMCTL32.dll
0x00007ffcf6c50000 - 0x00007ffcf6c80000 	C:\WINDOWS\System32\IMM32.DLL
0x00007ffcc78e0000 - 0x00007ffcc78ec000 	C:\Program Files\Java\jdk-18.0.1.1\bin\vcruntime140_1.dll
0x00007ffcb16e0000 - 0x00007ffcb176d000 	C:\Program Files\Java\jdk-18.0.1.1\bin\msvcp140.dll
0x00007ffc8d9d0000 - 0x00007ffc8e5e0000 	C:\Program Files\Java\jdk-18.0.1.1\bin\server\jvm.dll
0x00007ffcf6b70000 - 0x00007ffcf6b78000 	C:\WINDOWS\System32\PSAPI.DLL
0x00007ffcdbb30000 - 0x00007ffcdbb39000 	C:\WINDOWS\SYSTEM32\WSOCK32.dll
0x00007ffcf6be0000 - 0x00007ffcf6c4b000 	C:\WINDOWS\System32\WS2_32.dll
0x00007ffcdeeb0000 - 0x00007ffcdeed7000 	C:\WINDOWS\SYSTEM32\WINMM.dll
0x00007ffcf4ab0000 - 0x00007ffcf4ac2000 	C:\WINDOWS\SYSTEM32\kernel.appcore.dll
0x00007ffcb9060000 - 0x00007ffcb906a000 	C:\Program Files\Java\jdk-18.0.1.1\bin\jimage.dll
0x00007ffcf1b10000 - 0x00007ffcf1cf4000 	C:\WINDOWS\SYSTEM32\DBGHELP.DLL
0x00007ffcdff20000 - 0x00007ffcdff4c000 	C:\WINDOWS\SYSTEM32\dbgcore.DLL
0x00007ffcf6380000 - 0x00007ffcf6402000 	C:\WINDOWS\System32\bcryptPrimitives.dll
0x00007ffcf12f0000 - 0x00007ffcf12fe000 	C:\Program Files\Java\jdk-18.0.1.1\bin\instrument.dll
0x00007ffcb6c00000 - 0x00007ffcb6c25000 	C:\Program Files\Java\jdk-18.0.1.1\bin\java.dll

dbghelp: loaded successfully - version: 4.0.5 - missing functions: none
symbol engine: initialized successfully - sym options: 0x614 - pdb path: .;C:\Program Files\Java\jdk-18.0.1.1\bin;C:\WINDOWS\SYSTEM32;C:\WINDOWS\WinSxS\amd64_microsoft.windows.common-controls_6595b64144ccf1df_6.0.19041.1110_none_60b5254171f9507e;C:\Program Files\Java\jdk-18.0.1.1\bin\server

VM Arguments:
jvm_args: -Dmaven.multiModuleProjectDirectory=C:\Users\AD\Desktop\demo -Dmaven.home=C:\Users\AD\.m2\wrapper\dists\apache-maven-3.8.6-bin\1ks0nkde5v1pk9vtc31i9d0lcd\apache-maven-3.8.6 -Dclassworlds.conf=C:\Users\AD\.m2\wrapper\dists\apache-maven-3.8.6-bin\1ks0nkde5v1pk9vtc31i9d0lcd\apache-maven-3.8.6\bin\m2.conf -Dmaven.ext.class.path=D:\IntelliJ IDEA Community Edition 2022.2\plugins\maven\lib\maven-event-listener.jar -javaagent:D:\IntelliJ IDEA Community Edition 2022.2\lib\idea_rt.jar=50791:D:\IntelliJ IDEA Community Edition 2022.2\bin -Dfile.encoding=UTF-8 
java_command: org.codehaus.classworlds.Launcher -Didea.version=2022.2
java_class_path (initial): C:\Users\AD\.m2\wrapper\dists\apache-maven-3.8.6-bin\1ks0nkde5v1pk9vtc31i9d0lcd\apache-maven-3.8.6\boot\plexus-classworlds-2.6.0.jar;C:\Users\AD\.m2\wrapper\dists\apache-maven-3.8.6-bin\1ks0nkde5v1pk9vtc31i9d0lcd\apache-maven-3.8.6\boot\plexus-classworlds.license
Launcher Type: SUN_STANDARD

[Global flags]
     intx CICompilerCount                          = 3                                         {product} {ergonomic}
     uint ConcGCThreads                            = 1                                         {product} {ergonomic}
     uint G1ConcRefinementThreads                  = 4                                         {product} {ergonomic}
   size_t G1HeapRegionSize                         = 1048576                                   {product} {ergonomic}
    uintx GCDrainStackTargetSize                   = 64                                        {product} {ergonomic}
   size_t InitialHeapSize                          = 134217728                                 {product} {ergonomic}
   size_t MarkStackSize                            = 4194304                                   {product} {ergonomic}
   size_t MaxHeapSize                              = 2118123520                                {product} {ergonomic}
   size_t MinHeapDeltaBytes                        = 1048576                                   {product} {ergonomic}
   size_t MinHeapSize                              = 8388608                                   {product} {ergonomic}
    uintx NonNMethodCodeHeapSize                   = 5832780                                {pd product} {ergonomic}
    uintx NonProfiledCodeHeapSize                  = 122912730                              {pd product} {ergonomic}
    uintx ProfiledCodeHeapSize                     = 122912730                              {pd product} {ergonomic}
    uintx ReservedCodeCacheSize                    = 251658240                              {pd product} {ergonomic}
     bool SegmentedCodeCache                       = true                                      {product} {ergonomic}
   size_t SoftMaxHeapSize                          = 2118123520                             {manageable} {ergonomic}
     bool UseCompressedClassPointers               = true                           {product lp64_product} {ergonomic}
     bool UseCompressedOops                        = true                           {product lp64_product} {ergonomic}
     bool UseG1GC                                  = true                                      {product} {ergonomic}
     bool UseLargePagesIndividualAllocation        = false                                  {pd product} {ergonomic}

Logging:
Log output configuration:
 #0: stdout all=warning uptime,level,tags foldmultilines=false
 #1: stderr all=off uptime,level,tags foldmultilines=false

Environment Variables:
JAVA_HOME=C:\Program Files\Java\jdk-12.0.2
PATH=C:\Program Files\Python310\Scripts\;C:\Program Files\Python310\;C:\Program Files\Common Files\Oracle\Java\javapath;C:\Program Files (x86)\Common Files\Oracle\Java\javapath;C:\WINDOWS\system32;C:\WINDOWS;C:\WINDOWS\System32\Wbem;C:\WINDOWS\System32\WindowsPowerShell\v1.0\;C:\WINDOWS\System32\OpenSSH\;C:\Program Files\Java\jdk1.8.0_311\bin;C:\Users\AD\Desktop\apache-maven-3.8.4-bin\apache-maven-3.8.4\bin;C:\Program Files\Java\jdk-18.0.1.1\bin;C:\webdrivers;C:\Program Files\Git\cmd;C:\Users\AD\AppData\Local\Microsoft\WindowsApps;C:\Program Files\CodeBlocks\MinGW\bin;C:\Users\AD\AppData\Local\Programs\Microsoft VS Code\bin;C:\Program Files\Java\jdk-12.0.2\bin;C:\Users\AD\AppData\Local\GitHubDesktop\bin;D:\flutter\bin;C:\adb;C:\Program Files (x86)\Microsoft SQL Server\90\Tools\binn\;C:\Users\AD\AppData\Local\Microsoft\WindowsApps;C:\Program Files\CodeBlocks\MinGW\bin;C:\Users\AD\AppData\Local\Programs\Microsoft VS Code\bin;C:\Program Files\Java\jdk-12.0.2\bin;C:\Users\AD\AppData\Local\GitHubDesktop\bin;D:\flutter\bin;
USERNAME=AD
OS=Windows_NT
PROCESSOR_IDENTIFIER=Intel64 Family 6 Model 78 Stepping 3, GenuineIntel



---------------  S Y S T E M  ---------------

OS:
 Windows 10 , 64 bit Build 19041 (10.0.19041.1889)
OS uptime: 0 days 0:47 hours

CPU: total 4 (initial active 4) (2 cores per cpu, 2 threads per core) family 6 model 78 stepping 3 microcode 0xdc, cx8, cmov, fxsr, ht, mmx, 3dnowpref, sse, sse2, sse3, ssse3, sse4.1, sse4.2, popcnt, lzcnt, tsc, tscinvbit, avx, avx2, aes, erms, clmul, bmi1, bmi2, rtm, adx, fma, vzeroupper, clflush, clflushopt

Memory: 4k page, system-wide physical 8072M (1467M free)
TotalPageFile size 10246M (AvailPageFile size 85M)
current process WorkingSet (physical memory assigned to process): 10M, peak: 10M
current process commit charge ("private bytes"): 52M, peak: 179M

vm_info: Java HotSpot(TM) 64-Bit Server VM (18.0.1.1+2-6) for windows-amd64 JRE (18.0.1.1+2-6), built on Apr 25 2022 21:53:15 by "mach5one" with MS VC++ 16.8 / 16.9 (VS2019)

END.
